<?xml version="1.0" encoding="UTF-8"?>
<!-- Generated by org.testng.reporters.JUnitReportReporter -->
<testsuite hostname="WKWZTgeBiORINJI" failures="0" tests="1" name="Concatination.concat" time="0.006" errors="0" timestamp="2022-11-29T22:42:24 IST" skipped="0">
  <testcase classname="Concatination.concat" name="concatination" time="0.006"/>
  <system-out/>
</testsuite> <!-- Concatination.concat -->
